{
  "D:/Test/ReactCourse/react-course-en/react-ts/src/pages/AboutUs/AboutUs.tsx": {
    "path": "D:/Test/ReactCourse/react-course-en/react-ts/src/pages/AboutUs/AboutUs.tsx",
    "statementMap": {
      "0": {
        "start": {
          "line": 5,
          "column": 0
        },
        "end": {
          "line": 15,
          "column": 1
        }
      },
      "1": {
        "start": {
          "line": 6,
          "column": 2
        },
        "end": {
          "line": 8,
          "column": 3
        }
      },
      "2": {
        "start": {
          "line": 7,
          "column": 4
        },
        "end": {
          "line": 7,
          "column": 165
        }
      },
      "3": {
        "start": {
          "line": 9,
          "column": 2
        },
        "end": {
          "line": 9,
          "column": 39
        }
      },
      "4": {
        "start": {
          "line": 10,
          "column": 2
        },
        "end": {
          "line": 10,
          "column": 39
        }
      },
      "5": {
        "start": {
          "line": 11,
          "column": 2
        },
        "end": {
          "line": 13,
          "column": 4
        }
      },
      "6": {
        "start": {
          "line": 12,
          "column": 4
        },
        "end": {
          "line": 12,
          "column": 118
        }
      },
      "7": {
        "start": {
          "line": 14,
          "column": 2
        },
        "end": {
          "line": 14,
          "column": 75
        }
      },
      "8": {
        "start": {
          "line": 16,
          "column": 23
        },
        "end": {
          "line": 22,
          "column": 1
        }
      },
      "9": {
        "start": {
          "line": 17,
          "column": 2
        },
        "end": {
          "line": 21,
          "column": 11
        }
      },
      "10": {
        "start": {
          "line": 23,
          "column": 0
        },
        "end": {
          "line": 23,
          "column": 13
        }
      },
      "11": {
        "start": {
          "line": 25,
          "column": 0
        },
        "end": {
          "line": 25,
          "column": 28
        }
      },
      "12": {
        "start": {
          "line": 26,
          "column": 0
        },
        "end": {
          "line": 42,
          "column": 1
        }
      },
      "13": {
        "start": {
          "line": 27,
          "column": 2
        },
        "end": {
          "line": 27,
          "column": 39
        }
      },
      "14": {
        "start": {
          "line": 28,
          "column": 2
        },
        "end": {
          "line": 28,
          "column": 39
        }
      },
      "15": {
        "start": {
          "line": 29,
          "column": 2
        },
        "end": {
          "line": 41,
          "column": 5
        }
      },
      "16": {
        "start": {
          "line": 33,
          "column": 4
        },
        "end": {
          "line": 33,
          "column": 144
        }
      },
      "17": {
        "start": {
          "line": 34,
          "column": 4
        },
        "end": {
          "line": 40,
          "column": 7
        }
      },
      "18": {
        "start": {
          "line": 35,
          "column": 6
        },
        "end": {
          "line": 36,
          "column": 15
        }
      },
      "19": {
        "start": {
          "line": 36,
          "column": 8
        },
        "end": {
          "line": 36,
          "column": 15
        }
      },
      "20": {
        "start": {
          "line": 37,
          "column": 32
        },
        "end": {
          "line": 37,
          "column": 115
        }
      },
      "21": {
        "start": {
          "line": 38,
          "column": 6
        },
        "end": {
          "line": 39,
          "column": 54
        }
      },
      "22": {
        "start": {
          "line": 39,
          "column": 8
        },
        "end": {
          "line": 39,
          "column": 54
        }
      }
    },
    "fnMap": {
      "0": {
        "name": "(anonymous_0)",
        "decl": {
          "start": {
            "line": 11,
            "column": 24
          },
          "end": {
            "line": 11,
            "column": 25
          }
        },
        "loc": {
          "start": {
            "line": 11,
            "column": 38
          },
          "end": {
            "line": 13,
            "column": 3
          }
        },
        "line": 11
      },
      "1": {
        "name": "(anonymous_1)",
        "decl": {
          "start": {
            "line": 16,
            "column": 23
          },
          "end": {
            "line": 16,
            "column": 24
          }
        },
        "loc": {
          "start": {
            "line": 16,
            "column": 29
          },
          "end": {
            "line": 22,
            "column": 1
          }
        },
        "line": 16
      },
      "2": {
        "name": "(anonymous_2)",
        "decl": {
          "start": {
            "line": 32,
            "column": 9
          },
          "end": {
            "line": 32,
            "column": 10
          }
        },
        "loc": {
          "start": {
            "line": 32,
            "column": 29
          },
          "end": {
            "line": 41,
            "column": 3
          }
        },
        "line": 32
      },
      "3": {
        "name": "(anonymous_3)",
        "decl": {
          "start": {
            "line": 34,
            "column": 27
          },
          "end": {
            "line": 34,
            "column": 28
          }
        },
        "loc": {
          "start": {
            "line": 34,
            "column": 44
          },
          "end": {
            "line": 40,
            "column": 5
          }
        },
        "line": 34
      }
    },
    "branchMap": {
      "0": {
        "loc": {
          "start": {
            "line": 5,
            "column": 0
          },
          "end": {
            "line": 15,
            "column": 1
          }
        },
        "type": "if",
        "locations": [
          {
            "start": {
              "line": 5,
              "column": 0
            },
            "end": {
              "line": 15,
              "column": 1
            }
          },
          {
            "start": {},
            "end": {}
          }
        ],
        "line": 5
      },
      "1": {
        "loc": {
          "start": {
            "line": 6,
            "column": 2
          },
          "end": {
            "line": 8,
            "column": 3
          }
        },
        "type": "if",
        "locations": [
          {
            "start": {
              "line": 6,
              "column": 2
            },
            "end": {
              "line": 8,
              "column": 3
            }
          },
          {
            "start": {},
            "end": {}
          }
        ],
        "line": 6
      },
      "2": {
        "loc": {
          "start": {
            "line": 26,
            "column": 0
          },
          "end": {
            "line": 42,
            "column": 1
          }
        },
        "type": "if",
        "locations": [
          {
            "start": {
              "line": 26,
              "column": 0
            },
            "end": {
              "line": 42,
              "column": 1
            }
          },
          {
            "start": {},
            "end": {}
          }
        ],
        "line": 26
      },
      "3": {
        "loc": {
          "start": {
            "line": 35,
            "column": 6
          },
          "end": {
            "line": 36,
            "column": 15
          }
        },
        "type": "if",
        "locations": [
          {
            "start": {
              "line": 35,
              "column": 6
            },
            "end": {
              "line": 36,
              "column": 15
            }
          },
          {
            "start": {},
            "end": {}
          }
        ],
        "line": 35
      },
      "4": {
        "loc": {
          "start": {
            "line": 38,
            "column": 6
          },
          "end": {
            "line": 39,
            "column": 54
          }
        },
        "type": "if",
        "locations": [
          {
            "start": {
              "line": 38,
              "column": 6
            },
            "end": {
              "line": 39,
              "column": 54
            }
          },
          {
            "start": {},
            "end": {}
          }
        ],
        "line": 38
      }
    },
    "s": {
      "0": 4,
      "1": 4,
      "2": 0,
      "3": 4,
      "4": 4,
      "5": 4,
      "6": 4,
      "7": 4,
      "8": 4,
      "9": 1,
      "10": 4,
      "11": 4,
      "12": 4,
      "13": 4,
      "14": 4,
      "15": 4,
      "16": 1,
      "17": 1,
      "18": 0,
      "19": 0,
      "20": 0,
      "21": 0,
      "22": 0
    },
    "f": {
      "0": 4,
      "1": 1,
      "2": 1,
      "3": 0
    },
    "b": {
      "0": [
        4,
        0
      ],
      "1": [
        0,
        4
      ],
      "2": [
        4,
        0
      ],
      "3": [
        0,
        0
      ],
      "4": [
        0,
        0
      ]
    },
    "inputSourceMap": {
      "version": 3,
      "mappings": "AACS;AADT,OAAO,oBAAgB;AAAM;AAAA;AAAA;AAAA;AAAA;AAAA;AAAA;AAAA;AAAA;AAAA;AAAA;AAAA;AAAA;AAAA;AAC3B,SAAO,uBAAC,QAAG,wBAAJ;AAAA;AAAA;AAAA;AAAA,SAAY;AACrB;AAAEA,KAFWC;AAAO;AAAAC",
      "names": [
        "_c",
        "AboutUs",
        "$RefreshReg$"
      ],
      "sources": [
        "D:/Test/ReactCourse/react-course-en/react-ts/src/pages/AboutUs/AboutUs.tsx"
      ],
      "file": "D:/Test/ReactCourse/react-course-en/react-ts/src/pages/AboutUs/AboutUs.tsx"
    },
    "_coverageSchema": "1a1c01bbd47fc00a2c39e90264f33305004495a9",
    "hash": "1d11e6a9131acd351d8421855d1dabaded6b8c3a"
  },
  "D:/Test/ReactCourse/react-course-en/react-ts/src/pages/AboutUs/index.ts": {
    "path": "D:/Test/ReactCourse/react-course-en/react-ts/src/pages/AboutUs/index.ts",
    "statementMap": {},
    "fnMap": {},
    "branchMap": {},
    "s": {},
    "f": {},
    "b": {},
    "inputSourceMap": {
      "version": 3,
      "sources": [
        "D:/Test/ReactCourse/react-course-en/react-ts/src/pages/AboutUs/index.ts"
      ],
      "mappings": "AAAA,cAAc;",
      "names": []
    },
    "_coverageSchema": "1a1c01bbd47fc00a2c39e90264f33305004495a9",
    "hash": "b870d1645180fa889b30d8951a9cb3a10afd7270"
  },
  "D:/Test/ReactCourse/react-course-en/react-ts/src/pages/Error/Error.tsx": {
    "path": "D:/Test/ReactCourse/react-course-en/react-ts/src/pages/Error/Error.tsx",
    "statementMap": {
      "0": {
        "start": {
          "line": 5,
          "column": 0
        },
        "end": {
          "line": 15,
          "column": 1
        }
      },
      "1": {
        "start": {
          "line": 6,
          "column": 2
        },
        "end": {
          "line": 8,
          "column": 3
        }
      },
      "2": {
        "start": {
          "line": 7,
          "column": 4
        },
        "end": {
          "line": 7,
          "column": 165
        }
      },
      "3": {
        "start": {
          "line": 9,
          "column": 2
        },
        "end": {
          "line": 9,
          "column": 39
        }
      },
      "4": {
        "start": {
          "line": 10,
          "column": 2
        },
        "end": {
          "line": 10,
          "column": 39
        }
      },
      "5": {
        "start": {
          "line": 11,
          "column": 2
        },
        "end": {
          "line": 13,
          "column": 4
        }
      },
      "6": {
        "start": {
          "line": 12,
          "column": 4
        },
        "end": {
          "line": 12,
          "column": 114
        }
      },
      "7": {
        "start": {
          "line": 14,
          "column": 2
        },
        "end": {
          "line": 14,
          "column": 75
        }
      },
      "8": {
        "start": {
          "line": 16,
          "column": 21
        },
        "end": {
          "line": 22,
          "column": 1
        }
      },
      "9": {
        "start": {
          "line": 17,
          "column": 2
        },
        "end": {
          "line": 21,
          "column": 11
        }
      },
      "10": {
        "start": {
          "line": 23,
          "column": 0
        },
        "end": {
          "line": 23,
          "column": 11
        }
      },
      "11": {
        "start": {
          "line": 25,
          "column": 0
        },
        "end": {
          "line": 25,
          "column": 26
        }
      },
      "12": {
        "start": {
          "line": 26,
          "column": 0
        },
        "end": {
          "line": 42,
          "column": 1
        }
      },
      "13": {
        "start": {
          "line": 27,
          "column": 2
        },
        "end": {
          "line": 27,
          "column": 39
        }
      },
      "14": {
        "start": {
          "line": 28,
          "column": 2
        },
        "end": {
          "line": 28,
          "column": 39
        }
      },
      "15": {
        "start": {
          "line": 29,
          "column": 2
        },
        "end": {
          "line": 41,
          "column": 5
        }
      },
      "16": {
        "start": {
          "line": 33,
          "column": 4
        },
        "end": {
          "line": 33,
          "column": 140
        }
      },
      "17": {
        "start": {
          "line": 34,
          "column": 4
        },
        "end": {
          "line": 40,
          "column": 7
        }
      },
      "18": {
        "start": {
          "line": 35,
          "column": 6
        },
        "end": {
          "line": 36,
          "column": 15
        }
      },
      "19": {
        "start": {
          "line": 36,
          "column": 8
        },
        "end": {
          "line": 36,
          "column": 15
        }
      },
      "20": {
        "start": {
          "line": 37,
          "column": 32
        },
        "end": {
          "line": 37,
          "column": 115
        }
      },
      "21": {
        "start": {
          "line": 38,
          "column": 6
        },
        "end": {
          "line": 39,
          "column": 54
        }
      },
      "22": {
        "start": {
          "line": 39,
          "column": 8
        },
        "end": {
          "line": 39,
          "column": 54
        }
      }
    },
    "fnMap": {
      "0": {
        "name": "(anonymous_0)",
        "decl": {
          "start": {
            "line": 11,
            "column": 24
          },
          "end": {
            "line": 11,
            "column": 25
          }
        },
        "loc": {
          "start": {
            "line": 11,
            "column": 38
          },
          "end": {
            "line": 13,
            "column": 3
          }
        },
        "line": 11
      },
      "1": {
        "name": "(anonymous_1)",
        "decl": {
          "start": {
            "line": 16,
            "column": 21
          },
          "end": {
            "line": 16,
            "column": 22
          }
        },
        "loc": {
          "start": {
            "line": 16,
            "column": 27
          },
          "end": {
            "line": 22,
            "column": 1
          }
        },
        "line": 16
      },
      "2": {
        "name": "(anonymous_2)",
        "decl": {
          "start": {
            "line": 32,
            "column": 9
          },
          "end": {
            "line": 32,
            "column": 10
          }
        },
        "loc": {
          "start": {
            "line": 32,
            "column": 29
          },
          "end": {
            "line": 41,
            "column": 3
          }
        },
        "line": 32
      },
      "3": {
        "name": "(anonymous_3)",
        "decl": {
          "start": {
            "line": 34,
            "column": 27
          },
          "end": {
            "line": 34,
            "column": 28
          }
        },
        "loc": {
          "start": {
            "line": 34,
            "column": 44
          },
          "end": {
            "line": 40,
            "column": 5
          }
        },
        "line": 34
      }
    },
    "branchMap": {
      "0": {
        "loc": {
          "start": {
            "line": 5,
            "column": 0
          },
          "end": {
            "line": 15,
            "column": 1
          }
        },
        "type": "if",
        "locations": [
          {
            "start": {
              "line": 5,
              "column": 0
            },
            "end": {
              "line": 15,
              "column": 1
            }
          },
          {
            "start": {},
            "end": {}
          }
        ],
        "line": 5
      },
      "1": {
        "loc": {
          "start": {
            "line": 6,
            "column": 2
          },
          "end": {
            "line": 8,
            "column": 3
          }
        },
        "type": "if",
        "locations": [
          {
            "start": {
              "line": 6,
              "column": 2
            },
            "end": {
              "line": 8,
              "column": 3
            }
          },
          {
            "start": {},
            "end": {}
          }
        ],
        "line": 6
      },
      "2": {
        "loc": {
          "start": {
            "line": 26,
            "column": 0
          },
          "end": {
            "line": 42,
            "column": 1
          }
        },
        "type": "if",
        "locations": [
          {
            "start": {
              "line": 26,
              "column": 0
            },
            "end": {
              "line": 42,
              "column": 1
            }
          },
          {
            "start": {},
            "end": {}
          }
        ],
        "line": 26
      },
      "3": {
        "loc": {
          "start": {
            "line": 35,
            "column": 6
          },
          "end": {
            "line": 36,
            "column": 15
          }
        },
        "type": "if",
        "locations": [
          {
            "start": {
              "line": 35,
              "column": 6
            },
            "end": {
              "line": 36,
              "column": 15
            }
          },
          {
            "start": {},
            "end": {}
          }
        ],
        "line": 35
      },
      "4": {
        "loc": {
          "start": {
            "line": 38,
            "column": 6
          },
          "end": {
            "line": 39,
            "column": 54
          }
        },
        "type": "if",
        "locations": [
          {
            "start": {
              "line": 38,
              "column": 6
            },
            "end": {
              "line": 39,
              "column": 54
            }
          },
          {
            "start": {},
            "end": {}
          }
        ],
        "line": 38
      }
    },
    "s": {
      "0": 4,
      "1": 4,
      "2": 0,
      "3": 4,
      "4": 4,
      "5": 4,
      "6": 4,
      "7": 4,
      "8": 4,
      "9": 0,
      "10": 4,
      "11": 4,
      "12": 4,
      "13": 4,
      "14": 4,
      "15": 4,
      "16": 1,
      "17": 1,
      "18": 0,
      "19": 0,
      "20": 0,
      "21": 0,
      "22": 0
    },
    "f": {
      "0": 4,
      "1": 0,
      "2": 1,
      "3": 0
    },
    "b": {
      "0": [
        4,
        0
      ],
      "1": [
        0,
        4
      ],
      "2": [
        4,
        0
      ],
      "3": [
        0,
        0
      ],
      "4": [
        0,
        0
      ]
    },
    "inputSourceMap": {
      "version": 3,
      "mappings": "AACS;AADT,OAAO,oBAAoB;AAAA;AAAA;AAAA;AAAA;AAAA;AAAA;AAAA;AAAA;AAAA;AAAA;AAAA;AAAA;AAAA;AAAA;AACzB,SAAO,uBAAC,QAAG,4BAAJ;AAAA;AAAA;AAAA;AAAA,SAAgB;AACzB;AAAEA,KAFWC;AAAK;AAAAC",
      "names": [
        "_c",
        "Error",
        "$RefreshReg$"
      ],
      "sources": [
        "D:/Test/ReactCourse/react-course-en/react-ts/src/pages/Error/Error.tsx"
      ],
      "file": "D:/Test/ReactCourse/react-course-en/react-ts/src/pages/Error/Error.tsx"
    },
    "_coverageSchema": "1a1c01bbd47fc00a2c39e90264f33305004495a9",
    "hash": "1b5137d89ea4349900687c3a82452f27168e3dcf"
  },
  "D:/Test/ReactCourse/react-course-en/react-ts/src/pages/Error/index.ts": {
    "path": "D:/Test/ReactCourse/react-course-en/react-ts/src/pages/Error/index.ts",
    "statementMap": {},
    "fnMap": {},
    "branchMap": {},
    "s": {},
    "f": {},
    "b": {},
    "inputSourceMap": {
      "version": 3,
      "sources": [
        "D:/Test/ReactCourse/react-course-en/react-ts/src/pages/Error/index.ts"
      ],
      "mappings": "AAAA,cAAc;",
      "names": []
    },
    "_coverageSchema": "1a1c01bbd47fc00a2c39e90264f33305004495a9",
    "hash": "01f030a0ef9f3d69bd3d2c20857807b0e12e64bb"
  },
  "D:/Test/ReactCourse/react-course-en/react-ts/src/hooks/redux.ts": {
    "path": "D:/Test/ReactCourse/react-course-en/react-ts/src/hooks/redux.ts",
    "statementMap": {
      "0": {
        "start": {
          "line": 2,
          "column": 30
        },
        "end": {
          "line": 2,
          "column": 49
        }
      },
      "1": {
        "start": {
          "line": 2,
          "column": 36
        },
        "end": {
          "line": 2,
          "column": 49
        }
      },
      "2": {
        "start": {
          "line": 3,
          "column": 30
        },
        "end": {
          "line": 3,
          "column": 41
        }
      }
    },
    "fnMap": {
      "0": {
        "name": "(anonymous_0)",
        "decl": {
          "start": {
            "line": 2,
            "column": 30
          },
          "end": {
            "line": 2,
            "column": 31
          }
        },
        "loc": {
          "start": {
            "line": 2,
            "column": 36
          },
          "end": {
            "line": 2,
            "column": 49
          }
        },
        "line": 2
      }
    },
    "branchMap": {},
    "s": {
      "0": 4,
      "1": 3,
      "2": 4
    },
    "f": {
      "0": 3
    },
    "b": {},
    "inputSourceMap": {
      "version": 3,
      "sources": [
        "D:/Test/ReactCourse/react-course-en/react-ts/src/hooks/redux.ts"
      ],
      "mappings": "AAAA,SAA+B,aAAa,mBAAmB;AAGxD,aAAM,iBAAiB,MAAM,YAAyB;AACtD,aAAM,iBAAkD;",
      "names": []
    },
    "_coverageSchema": "1a1c01bbd47fc00a2c39e90264f33305004495a9",
    "hash": "d464f92684b44035a04271d6344d79bd9082ee8b"
  },
  "D:/Test/ReactCourse/react-course-en/react-ts/src/store/reducers/SearchTextSlice.ts": {
    "path": "D:/Test/ReactCourse/react-course-en/react-ts/src/store/reducers/SearchTextSlice.ts",
    "statementMap": {
      "0": {
        "start": {
          "line": 2,
          "column": 21
        },
        "end": {
          "line": 4,
          "column": 1
        }
      },
      "1": {
        "start": {
          "line": 5,
          "column": 31
        },
        "end": {
          "line": 13,
          "column": 2
        }
      },
      "2": {
        "start": {
          "line": 10,
          "column": 6
        },
        "end": {
          "line": 10,
          "column": 46
        }
      }
    },
    "fnMap": {
      "0": {
        "name": "(anonymous_0)",
        "decl": {
          "start": {
            "line": 9,
            "column": 4
          },
          "end": {
            "line": 9,
            "column": 5
          }
        },
        "loc": {
          "start": {
            "line": 9,
            "column": 34
          },
          "end": {
            "line": 11,
            "column": 5
          }
        },
        "line": 9
      }
    },
    "branchMap": {},
    "s": {
      "0": 4,
      "1": 4,
      "2": 0
    },
    "f": {
      "0": 0
    },
    "b": {},
    "inputSourceMap": {
      "version": 3,
      "sources": [
        "D:/Test/ReactCourse/react-course-en/react-ts/src/store/reducers/SearchTextSlice.ts"
      ],
      "mappings": "AAAA,SAAS,mBAAkC;AAE3C,MAAM,eAAe;AAAA,EACnB,kBAAkB;AACpB;AAEO,aAAM,kBAAkB,YAAY;AAAA,EACzC,MAAM;AAAA,EACN;AAAA,EACA,UAAU;AAAA,IACR,eAAe,OAAO,QAA+B;AACnD,YAAM,mBAAmB,OAAO;AAAA,IAClC;AAAA,EACF;AACF,CAAC;AAED,eAAe,gBAAgB;",
      "names": []
    },
    "_coverageSchema": "1a1c01bbd47fc00a2c39e90264f33305004495a9",
    "hash": "4f6623e25ccf4797492cd5dbd96702eaa7a15e5b"
  },
  "D:/Test/ReactCourse/react-course-en/react-ts/src/components/SearchBar/SearchBar.tsx": {
    "path": "D:/Test/ReactCourse/react-course-en/react-ts/src/components/SearchBar/SearchBar.tsx",
    "statementMap": {
      "0": {
        "start": {
          "line": 5,
          "column": 0
        },
        "end": {
          "line": 15,
          "column": 1
        }
      },
      "1": {
        "start": {
          "line": 6,
          "column": 2
        },
        "end": {
          "line": 8,
          "column": 3
        }
      },
      "2": {
        "start": {
          "line": 7,
          "column": 4
        },
        "end": {
          "line": 7,
          "column": 165
        }
      },
      "3": {
        "start": {
          "line": 9,
          "column": 2
        },
        "end": {
          "line": 9,
          "column": 39
        }
      },
      "4": {
        "start": {
          "line": 10,
          "column": 2
        },
        "end": {
          "line": 10,
          "column": 39
        }
      },
      "5": {
        "start": {
          "line": 11,
          "column": 2
        },
        "end": {
          "line": 13,
          "column": 4
        }
      },
      "6": {
        "start": {
          "line": 12,
          "column": 4
        },
        "end": {
          "line": 12,
          "column": 127
        }
      },
      "7": {
        "start": {
          "line": 14,
          "column": 2
        },
        "end": {
          "line": 14,
          "column": 75
        }
      },
      "8": {
        "start": {
          "line": 16,
          "column": 9
        },
        "end": {
          "line": 16,
          "column": 23
        }
      },
      "9": {
        "start": {
          "line": 21,
          "column": 25
        },
        "end": {
          "line": 61,
          "column": 1
        }
      },
      "10": {
        "start": {
          "line": 22,
          "column": 2
        },
        "end": {
          "line": 22,
          "column": 7
        }
      },
      "11": {
        "start": {
          "line": 25,
          "column": 6
        },
        "end": {
          "line": 25,
          "column": 56
        }
      },
      "12": {
        "start": {
          "line": 25,
          "column": 32
        },
        "end": {
          "line": 25,
          "column": 55
        }
      },
      "13": {
        "start": {
          "line": 28,
          "column": 6
        },
        "end": {
          "line": 28,
          "column": 29
        }
      },
      "14": {
        "start": {
          "line": 29,
          "column": 19
        },
        "end": {
          "line": 29,
          "column": 35
        }
      },
      "15": {
        "start": {
          "line": 30,
          "column": 38
        },
        "end": {
          "line": 30,
          "column": 64
        }
      },
      "16": {
        "start": {
          "line": 31,
          "column": 23
        },
        "end": {
          "line": 33,
          "column": 3
        }
      },
      "17": {
        "start": {
          "line": 32,
          "column": 4
        },
        "end": {
          "line": 32,
          "column": 34
        }
      },
      "18": {
        "start": {
          "line": 34,
          "column": 25
        },
        "end": {
          "line": 41,
          "column": 3
        }
      },
      "19": {
        "start": {
          "line": 35,
          "column": 4
        },
        "end": {
          "line": 40,
          "column": 5
        }
      },
      "20": {
        "start": {
          "line": 38,
          "column": 10
        },
        "end": {
          "line": 38,
          "column": 22
        }
      },
      "21": {
        "start": {
          "line": 39,
          "column": 6
        },
        "end": {
          "line": 39,
          "column": 38
        }
      },
      "22": {
        "start": {
          "line": 42,
          "column": 28
        },
        "end": {
          "line": 44,
          "column": 3
        }
      },
      "23": {
        "start": {
          "line": 43,
          "column": 4
        },
        "end": {
          "line": 43,
          "column": 41
        }
      },
      "24": {
        "start": {
          "line": 45,
          "column": 2
        },
        "end": {
          "line": 60,
          "column": 11
        }
      },
      "25": {
        "start": {
          "line": 62,
          "column": 0
        },
        "end": {
          "line": 64,
          "column": 3
        }
      },
      "26": {
        "start": {
          "line": 63,
          "column": 2
        },
        "end": {
          "line": 63,
          "column": 42
        }
      },
      "27": {
        "start": {
          "line": 65,
          "column": 0
        },
        "end": {
          "line": 65,
          "column": 15
        }
      },
      "28": {
        "start": {
          "line": 67,
          "column": 0
        },
        "end": {
          "line": 67,
          "column": 30
        }
      },
      "29": {
        "start": {
          "line": 68,
          "column": 0
        },
        "end": {
          "line": 84,
          "column": 1
        }
      },
      "30": {
        "start": {
          "line": 69,
          "column": 2
        },
        "end": {
          "line": 69,
          "column": 39
        }
      },
      "31": {
        "start": {
          "line": 70,
          "column": 2
        },
        "end": {
          "line": 70,
          "column": 39
        }
      },
      "32": {
        "start": {
          "line": 71,
          "column": 2
        },
        "end": {
          "line": 83,
          "column": 5
        }
      },
      "33": {
        "start": {
          "line": 75,
          "column": 4
        },
        "end": {
          "line": 75,
          "column": 153
        }
      },
      "34": {
        "start": {
          "line": 76,
          "column": 4
        },
        "end": {
          "line": 82,
          "column": 7
        }
      },
      "35": {
        "start": {
          "line": 77,
          "column": 6
        },
        "end": {
          "line": 78,
          "column": 15
        }
      },
      "36": {
        "start": {
          "line": 78,
          "column": 8
        },
        "end": {
          "line": 78,
          "column": 15
        }
      },
      "37": {
        "start": {
          "line": 79,
          "column": 32
        },
        "end": {
          "line": 79,
          "column": 115
        }
      },
      "38": {
        "start": {
          "line": 80,
          "column": 6
        },
        "end": {
          "line": 81,
          "column": 54
        }
      },
      "39": {
        "start": {
          "line": 81,
          "column": 8
        },
        "end": {
          "line": 81,
          "column": 54
        }
      }
    },
    "fnMap": {
      "0": {
        "name": "(anonymous_0)",
        "decl": {
          "start": {
            "line": 11,
            "column": 24
          },
          "end": {
            "line": 11,
            "column": 25
          }
        },
        "loc": {
          "start": {
            "line": 11,
            "column": 38
          },
          "end": {
            "line": 13,
            "column": 3
          }
        },
        "line": 11
      },
      "1": {
        "name": "(anonymous_1)",
        "decl": {
          "start": {
            "line": 21,
            "column": 25
          },
          "end": {
            "line": 21,
            "column": 26
          }
        },
        "loc": {
          "start": {
            "line": 21,
            "column": 31
          },
          "end": {
            "line": 61,
            "column": 1
          }
        },
        "line": 21
      },
      "2": {
        "name": "(anonymous_2)",
        "decl": {
          "start": {
            "line": 25,
            "column": 21
          },
          "end": {
            "line": 25,
            "column": 22
          }
        },
        "loc": {
          "start": {
            "line": 25,
            "column": 32
          },
          "end": {
            "line": 25,
            "column": 55
          }
        },
        "line": 25
      },
      "3": {
        "name": "(anonymous_3)",
        "decl": {
          "start": {
            "line": 31,
            "column": 23
          },
          "end": {
            "line": 31,
            "column": 24
          }
        },
        "loc": {
          "start": {
            "line": 31,
            "column": 30
          },
          "end": {
            "line": 33,
            "column": 3
          }
        },
        "line": 31
      },
      "4": {
        "name": "(anonymous_4)",
        "decl": {
          "start": {
            "line": 34,
            "column": 25
          },
          "end": {
            "line": 34,
            "column": 26
          }
        },
        "loc": {
          "start": {
            "line": 34,
            "column": 36
          },
          "end": {
            "line": 41,
            "column": 3
          }
        },
        "line": 34
      },
      "5": {
        "name": "(anonymous_5)",
        "decl": {
          "start": {
            "line": 42,
            "column": 28
          },
          "end": {
            "line": 42,
            "column": 29
          }
        },
        "loc": {
          "start": {
            "line": 42,
            "column": 34
          },
          "end": {
            "line": 44,
            "column": 3
          }
        },
        "line": 42
      },
      "6": {
        "name": "(anonymous_6)",
        "decl": {
          "start": {
            "line": 62,
            "column": 53
          },
          "end": {
            "line": 62,
            "column": 54
          }
        },
        "loc": {
          "start": {
            "line": 62,
            "column": 64
          },
          "end": {
            "line": 64,
            "column": 1
          }
        },
        "line": 62
      },
      "7": {
        "name": "(anonymous_7)",
        "decl": {
          "start": {
            "line": 74,
            "column": 9
          },
          "end": {
            "line": 74,
            "column": 10
          }
        },
        "loc": {
          "start": {
            "line": 74,
            "column": 29
          },
          "end": {
            "line": 83,
            "column": 3
          }
        },
        "line": 74
      },
      "8": {
        "name": "(anonymous_8)",
        "decl": {
          "start": {
            "line": 76,
            "column": 27
          },
          "end": {
            "line": 76,
            "column": 28
          }
        },
        "loc": {
          "start": {
            "line": 76,
            "column": 44
          },
          "end": {
            "line": 82,
            "column": 5
          }
        },
        "line": 76
      }
    },
    "branchMap": {
      "0": {
        "loc": {
          "start": {
            "line": 5,
            "column": 0
          },
          "end": {
            "line": 15,
            "column": 1
          }
        },
        "type": "if",
        "locations": [
          {
            "start": {
              "line": 5,
              "column": 0
            },
            "end": {
              "line": 15,
              "column": 1
            }
          },
          {
            "start": {},
            "end": {}
          }
        ],
        "line": 5
      },
      "1": {
        "loc": {
          "start": {
            "line": 6,
            "column": 2
          },
          "end": {
            "line": 8,
            "column": 3
          }
        },
        "type": "if",
        "locations": [
          {
            "start": {
              "line": 6,
              "column": 2
            },
            "end": {
              "line": 8,
              "column": 3
            }
          },
          {
            "start": {},
            "end": {}
          }
        ],
        "line": 6
      },
      "2": {
        "loc": {
          "start": {
            "line": 35,
            "column": 4
          },
          "end": {
            "line": 40,
            "column": 5
          }
        },
        "type": "if",
        "locations": [
          {
            "start": {
              "line": 35,
              "column": 4
            },
            "end": {
              "line": 40,
              "column": 5
            }
          },
          {
            "start": {},
            "end": {}
          }
        ],
        "line": 35
      },
      "3": {
        "loc": {
          "start": {
            "line": 35,
            "column": 8
          },
          "end": {
            "line": 35,
            "column": 62
          }
        },
        "type": "binary-expr",
        "locations": [
          {
            "start": {
              "line": 35,
              "column": 8
            },
            "end": {
              "line": 35,
              "column": 30
            }
          },
          {
            "start": {
              "line": 35,
              "column": 34
            },
            "end": {
              "line": 35,
              "column": 62
            }
          }
        ],
        "line": 35
      },
      "4": {
        "loc": {
          "start": {
            "line": 68,
            "column": 0
          },
          "end": {
            "line": 84,
            "column": 1
          }
        },
        "type": "if",
        "locations": [
          {
            "start": {
              "line": 68,
              "column": 0
            },
            "end": {
              "line": 84,
              "column": 1
            }
          },
          {
            "start": {},
            "end": {}
          }
        ],
        "line": 68
      },
      "5": {
        "loc": {
          "start": {
            "line": 77,
            "column": 6
          },
          "end": {
            "line": 78,
            "column": 15
          }
        },
        "type": "if",
        "locations": [
          {
            "start": {
              "line": 77,
              "column": 6
            },
            "end": {
              "line": 78,
              "column": 15
            }
          },
          {
            "start": {},
            "end": {}
          }
        ],
        "line": 77
      },
      "6": {
        "loc": {
          "start": {
            "line": 80,
            "column": 6
          },
          "end": {
            "line": 81,
            "column": 54
          }
        },
        "type": "if",
        "locations": [
          {
            "start": {
              "line": 80,
              "column": 6
            },
            "end": {
              "line": 81,
              "column": 54
            }
          },
          {
            "start": {},
            "end": {}
          }
        ],
        "line": 80
      }
    },
    "s": {
      "0": 4,
      "1": 4,
      "2": 0,
      "3": 4,
      "4": 4,
      "5": 4,
      "6": 4,
      "7": 4,
      "8": 4,
      "9": 4,
      "10": 3,
      "11": 3,
      "12": 3,
      "13": 3,
      "14": 3,
      "15": 3,
      "16": 3,
      "17": 0,
      "18": 3,
      "19": 0,
      "20": 0,
      "21": 0,
      "22": 3,
      "23": 0,
      "24": 3,
      "25": 4,
      "26": 3,
      "27": 4,
      "28": 4,
      "29": 4,
      "30": 4,
      "31": 4,
      "32": 4,
      "33": 1,
      "34": 1,
      "35": 0,
      "36": 0,
      "37": 0,
      "38": 0,
      "39": 0
    },
    "f": {
      "0": 4,
      "1": 3,
      "2": 3,
      "3": 0,
      "4": 0,
      "5": 0,
      "6": 3,
      "7": 1,
      "8": 0
    },
    "b": {
      "0": [
        4,
        0
      ],
      "1": [
        0,
        4
      ],
      "2": [
        0,
        0
      ],
      "3": [
        0,
        0
      ],
      "4": [
        4,
        0
      ],
      "5": [
        0,
        0
      ],
      "6": [
        0,
        0
      ]
    },
    "inputSourceMap": {
      "version": 3,
      "mappings": "AA8BM;;;;;;;;;;;;;;;;AA9BN,SAA6BA,gBAAgB;AAC7C,SAASC,gBAAgBC,sBAAsB;AAC/C,SAASC,uBAAuB;AAChC,OAAO;AAEA,aAAMC,YAAYA,MAAM;AAAAC;AAC7B,QAAM;AAAA,IAAEC;AAAAA,EAAiB,IAAIJ,eAC1BK,WAAUA,MAAMC,iBACnB;AACA,QAAM;AAAA,IAAEC;AAAAA,EAAe,IAAIN,gBAAgBO;AAC3C,QAAMC,WAAWV,eAAe;AAChC,QAAM,CAACW,YAAYC,aAAa,IAAIb,SAASM,gBAAgB;AAE7D,QAAMQ,eAAeA,CAACC,MAAqC;AACzDF,kBAAcE,EAAEC,OAAOC,KAAK;AAAA,EAC9B;AAEA,QAAMC,iBAAiBA,CAACC,UAAiD;AACvE,QAAIA,MAAMC,SAAS,WAAWD,MAAMC,SAAS,eAAe;AAC1D,YAAM;AAAA,QAAEH;AAAAA,MAAM,IAAIE,MAAMH;AACxBL,eAASF,eAAeQ,KAAK,CAAC;AAAA,IAChC;AAAA,EACF;AAEA,QAAMI,oBAAoBA,MAAM;AAC9BV,aAASF,eAAeG,UAAU,CAAC;AAAA,EACrC;AAEA,SACE,uBAAC,SAAI,WAAU,aACb;AAAA,2BAAC,WACC,WAAU,eACV,aAAY,aACZ,UAAUE,cACV,OAAOF,YACP,WAAWM,kBALb;AAAA;AAAA;AAAA;AAAA,WAK4B;AAAA,IAE5B,uBAAC,YAAO,WAAU,gBAAe,SAASG,mBAAmB,sBAA7D;AAAA;AAAA;AAAA;AAAA,WAEA;AAAA,OAVF;AAAA;AAAA;AAAA;AAAA,SAWA;AAEJ;AAAEhB,GArCWD,WAAS;AAAA,UACSF,gBAIZD,cAAc;AAAA;AAAAqB,KALpBlB;AAAS;AAAAmB",
      "names": [
        "useState",
        "useAppDispatch",
        "useAppSelector",
        "searchTextSlice",
        "SearchBar",
        "_s",
        "storedSearchText",
        "state",
        "searchTextReducer",
        "saveSearchText",
        "actions",
        "dispatch",
        "searchText",
        "setSearchText",
        "handleChange",
        "e",
        "target",
        "value",
        "keyDownHandler",
        "event",
        "code",
        "handleSearchClick",
        "_c",
        "$RefreshReg$"
      ],
      "sources": [
        "D:/Test/ReactCourse/react-course-en/react-ts/src/components/SearchBar/SearchBar.tsx"
      ],
      "file": "D:/Test/ReactCourse/react-course-en/react-ts/src/components/SearchBar/SearchBar.tsx"
    },
    "_coverageSchema": "1a1c01bbd47fc00a2c39e90264f33305004495a9",
    "hash": "7074c59e0e22f75100532623f61ee2e8c329c181"
  },
  "D:/Test/ReactCourse/react-course-en/react-ts/src/components/SearchBar/index.ts": {
    "path": "D:/Test/ReactCourse/react-course-en/react-ts/src/components/SearchBar/index.ts",
    "statementMap": {},
    "fnMap": {},
    "branchMap": {},
    "s": {},
    "f": {},
    "b": {},
    "inputSourceMap": {
      "version": 3,
      "sources": [
        "D:/Test/ReactCourse/react-course-en/react-ts/src/components/SearchBar/index.ts"
      ],
      "mappings": "AAAA,cAAc;",
      "names": []
    },
    "_coverageSchema": "1a1c01bbd47fc00a2c39e90264f33305004495a9",
    "hash": "3709d23f244ccbcb5ce0ccd8b252a65461b81cd2"
  },
  "D:/Test/ReactCourse/react-course-en/react-ts/src/components/Loader/Loader.tsx": {
    "path": "D:/Test/ReactCourse/react-course-en/react-ts/src/components/Loader/Loader.tsx",
    "statementMap": {
      "0": {
        "start": {
          "line": 5,
          "column": 0
        },
        "end": {
          "line": 15,
          "column": 1
        }
      },
      "1": {
        "start": {
          "line": 6,
          "column": 2
        },
        "end": {
          "line": 8,
          "column": 3
        }
      },
      "2": {
        "start": {
          "line": 7,
          "column": 4
        },
        "end": {
          "line": 7,
          "column": 165
        }
      },
      "3": {
        "start": {
          "line": 9,
          "column": 2
        },
        "end": {
          "line": 9,
          "column": 39
        }
      },
      "4": {
        "start": {
          "line": 10,
          "column": 2
        },
        "end": {
          "line": 10,
          "column": 39
        }
      },
      "5": {
        "start": {
          "line": 11,
          "column": 2
        },
        "end": {
          "line": 13,
          "column": 4
        }
      },
      "6": {
        "start": {
          "line": 12,
          "column": 4
        },
        "end": {
          "line": 12,
          "column": 121
        }
      },
      "7": {
        "start": {
          "line": 14,
          "column": 2
        },
        "end": {
          "line": 14,
          "column": 75
        }
      },
      "8": {
        "start": {
          "line": 17,
          "column": 22
        },
        "end": {
          "line": 34,
          "column": 1
        }
      },
      "9": {
        "start": {
          "line": 18,
          "column": 2
        },
        "end": {
          "line": 33,
          "column": 11
        }
      },
      "10": {
        "start": {
          "line": 35,
          "column": 0
        },
        "end": {
          "line": 35,
          "column": 12
        }
      },
      "11": {
        "start": {
          "line": 37,
          "column": 0
        },
        "end": {
          "line": 37,
          "column": 27
        }
      },
      "12": {
        "start": {
          "line": 38,
          "column": 0
        },
        "end": {
          "line": 54,
          "column": 1
        }
      },
      "13": {
        "start": {
          "line": 39,
          "column": 2
        },
        "end": {
          "line": 39,
          "column": 39
        }
      },
      "14": {
        "start": {
          "line": 40,
          "column": 2
        },
        "end": {
          "line": 40,
          "column": 39
        }
      },
      "15": {
        "start": {
          "line": 41,
          "column": 2
        },
        "end": {
          "line": 53,
          "column": 5
        }
      },
      "16": {
        "start": {
          "line": 45,
          "column": 4
        },
        "end": {
          "line": 45,
          "column": 147
        }
      },
      "17": {
        "start": {
          "line": 46,
          "column": 4
        },
        "end": {
          "line": 52,
          "column": 7
        }
      },
      "18": {
        "start": {
          "line": 47,
          "column": 6
        },
        "end": {
          "line": 48,
          "column": 15
        }
      },
      "19": {
        "start": {
          "line": 48,
          "column": 8
        },
        "end": {
          "line": 48,
          "column": 15
        }
      },
      "20": {
        "start": {
          "line": 49,
          "column": 32
        },
        "end": {
          "line": 49,
          "column": 115
        }
      },
      "21": {
        "start": {
          "line": 50,
          "column": 6
        },
        "end": {
          "line": 51,
          "column": 54
        }
      },
      "22": {
        "start": {
          "line": 51,
          "column": 8
        },
        "end": {
          "line": 51,
          "column": 54
        }
      }
    },
    "fnMap": {
      "0": {
        "name": "(anonymous_0)",
        "decl": {
          "start": {
            "line": 11,
            "column": 24
          },
          "end": {
            "line": 11,
            "column": 25
          }
        },
        "loc": {
          "start": {
            "line": 11,
            "column": 38
          },
          "end": {
            "line": 13,
            "column": 3
          }
        },
        "line": 11
      },
      "1": {
        "name": "(anonymous_1)",
        "decl": {
          "start": {
            "line": 17,
            "column": 22
          },
          "end": {
            "line": 17,
            "column": 23
          }
        },
        "loc": {
          "start": {
            "line": 17,
            "column": 28
          },
          "end": {
            "line": 34,
            "column": 1
          }
        },
        "line": 17
      },
      "2": {
        "name": "(anonymous_2)",
        "decl": {
          "start": {
            "line": 44,
            "column": 9
          },
          "end": {
            "line": 44,
            "column": 10
          }
        },
        "loc": {
          "start": {
            "line": 44,
            "column": 29
          },
          "end": {
            "line": 53,
            "column": 3
          }
        },
        "line": 44
      },
      "3": {
        "name": "(anonymous_3)",
        "decl": {
          "start": {
            "line": 46,
            "column": 27
          },
          "end": {
            "line": 46,
            "column": 28
          }
        },
        "loc": {
          "start": {
            "line": 46,
            "column": 44
          },
          "end": {
            "line": 52,
            "column": 5
          }
        },
        "line": 46
      }
    },
    "branchMap": {
      "0": {
        "loc": {
          "start": {
            "line": 5,
            "column": 0
          },
          "end": {
            "line": 15,
            "column": 1
          }
        },
        "type": "if",
        "locations": [
          {
            "start": {
              "line": 5,
              "column": 0
            },
            "end": {
              "line": 15,
              "column": 1
            }
          },
          {
            "start": {},
            "end": {}
          }
        ],
        "line": 5
      },
      "1": {
        "loc": {
          "start": {
            "line": 6,
            "column": 2
          },
          "end": {
            "line": 8,
            "column": 3
          }
        },
        "type": "if",
        "locations": [
          {
            "start": {
              "line": 6,
              "column": 2
            },
            "end": {
              "line": 8,
              "column": 3
            }
          },
          {
            "start": {},
            "end": {}
          }
        ],
        "line": 6
      },
      "2": {
        "loc": {
          "start": {
            "line": 38,
            "column": 0
          },
          "end": {
            "line": 54,
            "column": 1
          }
        },
        "type": "if",
        "locations": [
          {
            "start": {
              "line": 38,
              "column": 0
            },
            "end": {
              "line": 54,
              "column": 1
            }
          },
          {
            "start": {},
            "end": {}
          }
        ],
        "line": 38
      },
      "3": {
        "loc": {
          "start": {
            "line": 47,
            "column": 6
          },
          "end": {
            "line": 48,
            "column": 15
          }
        },
        "type": "if",
        "locations": [
          {
            "start": {
              "line": 47,
              "column": 6
            },
            "end": {
              "line": 48,
              "column": 15
            }
          },
          {
            "start": {},
            "end": {}
          }
        ],
        "line": 47
      },
      "4": {
        "loc": {
          "start": {
            "line": 50,
            "column": 6
          },
          "end": {
            "line": 51,
            "column": 54
          }
        },
        "type": "if",
        "locations": [
          {
            "start": {
              "line": 50,
              "column": 6
            },
            "end": {
              "line": 51,
              "column": 54
            }
          },
          {
            "start": {},
            "end": {}
          }
        ],
        "line": 50
      }
    },
    "s": {
      "0": 4,
      "1": 4,
      "2": 0,
      "3": 4,
      "4": 4,
      "5": 4,
      "6": 4,
      "7": 4,
      "8": 4,
      "9": 0,
      "10": 4,
      "11": 4,
      "12": 4,
      "13": 4,
      "14": 4,
      "15": 4,
      "16": 1,
      "17": 1,
      "18": 0,
      "19": 0,
      "20": 0,
      "21": 0,
      "22": 0
    },
    "f": {
      "0": 4,
      "1": 0,
      "2": 1,
      "3": 0
    },
    "b": {
      "0": [
        4,
        0
      ],
      "1": [
        0,
        4
      ],
      "2": [
        4,
        0
      ],
      "3": [
        0,
        0
      ],
      "4": [
        0,
        0
      ]
    },
    "inputSourceMap": {
      "version": 3,
      "mappings": "AAKM;AALN,OAAO,oBAAc;AAAA;AAAA;AAAA;AAAA;AAAA;AAAA;AAAA;AAAA;AAAA;AAAA;AAAA;AAAA;AAAA;AAAA;AAEd,aAAMA,SAASA,MAAM;AAC1B,SACE,uBAAC,SAAI,WAAU,UACb;AAAA,2BAAC,SAAI,WAAU,UAAf;AAAA;AAAA;AAAA;AAAA,WAAsB;AAAA,IACtB,uBAAC,QAAG,2BAAJ;AAAA;AAAA;AAAA;AAAA,WAAe;AAAA,OAFjB;AAAA;AAAA;AAAA;AAAA,SAGA;AAEJ;AAAEC,KAPWD;AAAM;AAAAE",
      "names": [
        "Loader",
        "_c",
        "$RefreshReg$"
      ],
      "sources": [
        "D:/Test/ReactCourse/react-course-en/react-ts/src/components/Loader/Loader.tsx"
      ],
      "file": "D:/Test/ReactCourse/react-course-en/react-ts/src/components/Loader/Loader.tsx"
    },
    "_coverageSchema": "1a1c01bbd47fc00a2c39e90264f33305004495a9",
    "hash": "7a6e1e03477413363d6f8480aa277a862368fe6a"
  },
  "D:/Test/ReactCourse/react-course-en/react-ts/src/components/Loader/index.ts": {
    "path": "D:/Test/ReactCourse/react-course-en/react-ts/src/components/Loader/index.ts",
    "statementMap": {},
    "fnMap": {},
    "branchMap": {},
    "s": {},
    "f": {},
    "b": {},
    "inputSourceMap": {
      "version": 3,
      "sources": [
        "D:/Test/ReactCourse/react-course-en/react-ts/src/components/Loader/index.ts"
      ],
      "mappings": "AAAA,cAAc;",
      "names": []
    },
    "_coverageSchema": "1a1c01bbd47fc00a2c39e90264f33305004495a9",
    "hash": "4d41666c230396c0f9a376a986cbe8c8c2137e37"
  },
  "D:/Test/ReactCourse/react-course-en/react-ts/src/data/baseUrl.ts": {
    "path": "D:/Test/ReactCourse/react-course-en/react-ts/src/data/baseUrl.ts",
    "statementMap": {
      "0": {
        "start": {
          "line": 1,
          "column": 24
        },
        "end": {
          "line": 1,
          "column": 62
        }
      }
    },
    "fnMap": {},
    "branchMap": {},
    "s": {
      "0": 4
    },
    "f": {},
    "b": {},
    "inputSourceMap": {
      "version": 3,
      "sources": [
        "D:/Test/ReactCourse/react-course-en/react-ts/src/data/baseUrl.ts"
      ],
      "mappings": "AAAO,aAAM,WAAW;",
      "names": []
    },
    "_coverageSchema": "1a1c01bbd47fc00a2c39e90264f33305004495a9",
    "hash": "59cb345e123ef9f6110c472de5436b459807b130"
  },
  "D:/Test/ReactCourse/react-course-en/react-ts/src/services/cardsService.ts": {
    "path": "D:/Test/ReactCourse/react-course-en/react-ts/src/services/cardsService.ts",
    "statementMap": {
      "0": {
        "start": {
          "line": 8,
          "column": 18
        },
        "end": {
          "line": 11,
          "column": 1
        }
      },
      "1": {
        "start": {
          "line": 12,
          "column": 24
        },
        "end": {
          "line": 30,
          "column": 2
        }
      },
      "2": {
        "start": {
          "line": 15,
          "column": 25
        },
        "end": {
          "line": 29,
          "column": 3
        }
      },
      "3": {
        "start": {
          "line": 17,
          "column": 35
        },
        "end": {
          "line": 22,
          "column": 7
        }
      },
      "4": {
        "start": {
          "line": 25,
          "column": 27
        },
        "end": {
          "line": 27,
          "column": 7
        }
      }
    },
    "fnMap": {
      "0": {
        "name": "(anonymous_0)",
        "decl": {
          "start": {
            "line": 15,
            "column": 13
          },
          "end": {
            "line": 15,
            "column": 14
          }
        },
        "loc": {
          "start": {
            "line": 15,
            "column": 25
          },
          "end": {
            "line": 29,
            "column": 3
          }
        },
        "line": 15
      },
      "1": {
        "name": "(anonymous_1)",
        "decl": {
          "start": {
            "line": 17,
            "column": 13
          },
          "end": {
            "line": 17,
            "column": 14
          }
        },
        "loc": {
          "start": {
            "line": 17,
            "column": 35
          },
          "end": {
            "line": 22,
            "column": 7
          }
        },
        "line": 17
      },
      "2": {
        "name": "(anonymous_2)",
        "decl": {
          "start": {
            "line": 25,
            "column": 13
          },
          "end": {
            "line": 25,
            "column": 14
          }
        },
        "loc": {
          "start": {
            "line": 25,
            "column": 27
          },
          "end": {
            "line": 27,
            "column": 7
          }
        },
        "line": 25
      }
    },
    "branchMap": {
      "0": {
        "loc": {
          "start": {
            "line": 17,
            "column": 14
          },
          "end": {
            "line": 17,
            "column": 29
          }
        },
        "type": "default-arg",
        "locations": [
          {
            "start": {
              "line": 17,
              "column": 27
            },
            "end": {
              "line": 17,
              "column": 29
            }
          }
        ],
        "line": 17
      },
      "1": {
        "loc": {
          "start": {
            "line": 25,
            "column": 14
          },
          "end": {
            "line": 25,
            "column": 21
          }
        },
        "type": "default-arg",
        "locations": [
          {
            "start": {
              "line": 25,
              "column": 19
            },
            "end": {
              "line": 25,
              "column": 21
            }
          }
        ],
        "line": 25
      }
    },
    "s": {
      "0": 4,
      "1": 4,
      "2": 4,
      "3": 0,
      "4": 0
    },
    "f": {
      "0": 4,
      "1": 0,
      "2": 0
    },
    "b": {
      "0": [
        0
      ],
      "1": [
        0
      ]
    },
    "inputSourceMap": {
      "version": 3,
      "sources": [
        "D:/Test/ReactCourse/react-course-en/react-ts/src/services/cardsService.ts"
      ],
      "mappings": "AAAA;AAAA,EACE;AAAA,EACA;AAAA,EACA;AAAA,EACA;AAAA,OACK;AACP,SAAS,gBAAgB;AAMzB,MAAM,YAAY;AAAA,EAChB,WAAW;AAAA,EACX,iBAAiB,EAAE,+BAA+B,KAAK,CAAC;AAC1D;AAEO,aAAM,WAAW,UAAU;AAAA,EAChC,aAAa;AAAA,EACb,WAAW,eAAe,EAAE,SAAS,SAAS,CAAC;AAAA,EAC/C,WAAW,CAAC,WAAW;AAAA,IACrB,eAAe,MAAM,MAAiC;AAAA,MACpD,OAAO,CAAC,aAAa,QAAQ;AAAA,QAC3B,KAAK;AAAA,QACL,QAAQ;AAAA,UACN,WAAW;AAAA,QACb;AAAA,MACF;AAAA,IACF,CAAC;AAAA,IACD,eAAe,MAAM,MAAwB;AAAA,MAC3C,OAAO,CAAC,KAAK,QAAQ;AAAA,QACnB,KAAK,YAAY;AAAA,MACnB;AAAA,IACF,CAAC;AAAA,EACH;AACF,CAAC;",
      "names": []
    },
    "_coverageSchema": "1a1c01bbd47fc00a2c39e90264f33305004495a9",
    "hash": "f0dab2050b60ec2cd482af44f271c34e3b258f58"
  },
  "D:/Test/ReactCourse/react-course-en/react-ts/src/components/CardsContainer/Card/CardInfoModal/CardInfoModal.tsx": {
    "path": "D:/Test/ReactCourse/react-course-en/react-ts/src/components/CardsContainer/Card/CardInfoModal/CardInfoModal.tsx",
    "statementMap": {
      "0": {
        "start": {
          "line": 5,
          "column": 0
        },
        "end": {
          "line": 15,
          "column": 1
        }
      },
      "1": {
        "start": {
          "line": 6,
          "column": 2
        },
        "end": {
          "line": 8,
          "column": 3
        }
      },
      "2": {
        "start": {
          "line": 7,
          "column": 4
        },
        "end": {
          "line": 7,
          "column": 165
        }
      },
      "3": {
        "start": {
          "line": 9,
          "column": 2
        },
        "end": {
          "line": 9,
          "column": 39
        }
      },
      "4": {
        "start": {
          "line": 10,
          "column": 2
        },
        "end": {
          "line": 10,
          "column": 39
        }
      },
      "5": {
        "start": {
          "line": 11,
          "column": 2
        },
        "end": {
          "line": 13,
          "column": 4
        }
      },
      "6": {
        "start": {
          "line": 12,
          "column": 4
        },
        "end": {
          "line": 12,
          "column": 155
        }
      },
      "7": {
        "start": {
          "line": 14,
          "column": 2
        },
        "end": {
          "line": 14,
          "column": 75
        }
      },
      "8": {
        "start": {
          "line": 16,
          "column": 9
        },
        "end": {
          "line": 16,
          "column": 23
        }
      },
      "9": {
        "start": {
          "line": 21,
          "column": 29
        },
        "end": {
          "line": 138,
          "column": 1
        }
      },
      "10": {
        "start": {
          "line": 25,
          "column": 2
        },
        "end": {
          "line": 25,
          "column": 7
        }
      },
      "11": {
        "start": {
          "line": 30,
          "column": 7
        },
        "end": {
          "line": 30,
          "column": 43
        }
      },
      "12": {
        "start": {
          "line": 31,
          "column": 2
        },
        "end": {
          "line": 33,
          "column": 24
        }
      },
      "13": {
        "start": {
          "line": 32,
          "column": 4
        },
        "end": {
          "line": 32,
          "column": 27
        }
      },
      "14": {
        "start": {
          "line": 34,
          "column": 2
        },
        "end": {
          "line": 137,
          "column": 11
        }
      },
      "15": {
        "start": {
          "line": 40,
          "column": 86
        },
        "end": {
          "line": 40,
          "column": 99
        }
      },
      "16": {
        "start": {
          "line": 40,
          "column": 186
        },
        "end": {
          "line": 40,
          "column": 205
        }
      },
      "17": {
        "start": {
          "line": 139,
          "column": 0
        },
        "end": {
          "line": 141,
          "column": 3
        }
      },
      "18": {
        "start": {
          "line": 140,
          "column": 2
        },
        "end": {
          "line": 140,
          "column": 46
        }
      },
      "19": {
        "start": {
          "line": 142,
          "column": 0
        },
        "end": {
          "line": 142,
          "column": 19
        }
      },
      "20": {
        "start": {
          "line": 144,
          "column": 0
        },
        "end": {
          "line": 144,
          "column": 34
        }
      },
      "21": {
        "start": {
          "line": 145,
          "column": 0
        },
        "end": {
          "line": 161,
          "column": 1
        }
      },
      "22": {
        "start": {
          "line": 146,
          "column": 2
        },
        "end": {
          "line": 146,
          "column": 39
        }
      },
      "23": {
        "start": {
          "line": 147,
          "column": 2
        },
        "end": {
          "line": 147,
          "column": 39
        }
      },
      "24": {
        "start": {
          "line": 148,
          "column": 2
        },
        "end": {
          "line": 160,
          "column": 5
        }
      },
      "25": {
        "start": {
          "line": 152,
          "column": 4
        },
        "end": {
          "line": 152,
          "column": 181
        }
      },
      "26": {
        "start": {
          "line": 153,
          "column": 4
        },
        "end": {
          "line": 159,
          "column": 7
        }
      },
      "27": {
        "start": {
          "line": 154,
          "column": 6
        },
        "end": {
          "line": 155,
          "column": 15
        }
      },
      "28": {
        "start": {
          "line": 155,
          "column": 8
        },
        "end": {
          "line": 155,
          "column": 15
        }
      },
      "29": {
        "start": {
          "line": 156,
          "column": 32
        },
        "end": {
          "line": 156,
          "column": 115
        }
      },
      "30": {
        "start": {
          "line": 157,
          "column": 6
        },
        "end": {
          "line": 158,
          "column": 54
        }
      },
      "31": {
        "start": {
          "line": 158,
          "column": 8
        },
        "end": {
          "line": 158,
          "column": 54
        }
      }
    },
    "fnMap": {
      "0": {
        "name": "(anonymous_0)",
        "decl": {
          "start": {
            "line": 11,
            "column": 24
          },
          "end": {
            "line": 11,
            "column": 25
          }
        },
        "loc": {
          "start": {
            "line": 11,
            "column": 38
          },
          "end": {
            "line": 13,
            "column": 3
          }
        },
        "line": 11
      },
      "1": {
        "name": "(anonymous_1)",
        "decl": {
          "start": {
            "line": 21,
            "column": 29
          },
          "end": {
            "line": 21,
            "column": 30
          }
        },
        "loc": {
          "start": {
            "line": 24,
            "column": 6
          },
          "end": {
            "line": 138,
            "column": 1
          }
        },
        "line": 24
      },
      "2": {
        "name": "(anonymous_2)",
        "decl": {
          "start": {
            "line": 31,
            "column": 12
          },
          "end": {
            "line": 31,
            "column": 13
          }
        },
        "loc": {
          "start": {
            "line": 31,
            "column": 18
          },
          "end": {
            "line": 33,
            "column": 3
          }
        },
        "line": 31
      },
      "3": {
        "name": "(anonymous_3)",
        "decl": {
          "start": {
            "line": 40,
            "column": 80
          },
          "end": {
            "line": 40,
            "column": 81
          }
        },
        "loc": {
          "start": {
            "line": 40,
            "column": 86
          },
          "end": {
            "line": 40,
            "column": 99
          }
        },
        "line": 40
      },
      "4": {
        "name": "(anonymous_4)",
        "decl": {
          "start": {
            "line": 40,
            "column": 179
          },
          "end": {
            "line": 40,
            "column": 180
          }
        },
        "loc": {
          "start": {
            "line": 40,
            "column": 186
          },
          "end": {
            "line": 40,
            "column": 205
          }
        },
        "line": 40
      },
      "5": {
        "name": "(anonymous_5)",
        "decl": {
          "start": {
            "line": 139,
            "column": 57
          },
          "end": {
            "line": 139,
            "column": 58
          }
        },
        "loc": {
          "start": {
            "line": 139,
            "column": 68
          },
          "end": {
            "line": 141,
            "column": 1
          }
        },
        "line": 139
      },
      "6": {
        "name": "(anonymous_6)",
        "decl": {
          "start": {
            "line": 151,
            "column": 9
          },
          "end": {
            "line": 151,
            "column": 10
          }
        },
        "loc": {
          "start": {
            "line": 151,
            "column": 29
          },
          "end": {
            "line": 160,
            "column": 3
          }
        },
        "line": 151
      },
      "7": {
        "name": "(anonymous_7)",
        "decl": {
          "start": {
            "line": 153,
            "column": 27
          },
          "end": {
            "line": 153,
            "column": 28
          }
        },
        "loc": {
          "start": {
            "line": 153,
            "column": 44
          },
          "end": {
            "line": 159,
            "column": 5
          }
        },
        "line": 153
      }
    },
    "branchMap": {
      "0": {
        "loc": {
          "start": {
            "line": 5,
            "column": 0
          },
          "end": {
            "line": 15,
            "column": 1
          }
        },
        "type": "if",
        "locations": [
          {
            "start": {
              "line": 5,
              "column": 0
            },
            "end": {
              "line": 15,
              "column": 1
            }
          },
          {
            "start": {},
            "end": {}
          }
        ],
        "line": 5
      },
      "1": {
        "loc": {
          "start": {
            "line": 6,
            "column": 2
          },
          "end": {
            "line": 8,
            "column": 3
          }
        },
        "type": "if",
        "locations": [
          {
            "start": {
              "line": 6,
              "column": 2
            },
            "end": {
              "line": 8,
              "column": 3
            }
          },
          {
            "start": {},
            "end": {}
          }
        ],
        "line": 6
      },
      "2": {
        "loc": {
          "start": {
            "line": 35,
            "column": 4
          },
          "end": {
            "line": 39,
            "column": 12
          }
        },
        "type": "binary-expr",
        "locations": [
          {
            "start": {
              "line": 35,
              "column": 4
            },
            "end": {
              "line": 35,
              "column": 14
            }
          },
          {
            "start": {
              "line": 35,
              "column": 34
            },
            "end": {
              "line": 39,
              "column": 12
            }
          }
        ],
        "line": 35
      },
      "3": {
        "loc": {
          "start": {
            "line": 40,
            "column": 4
          },
          "end": {
            "line": 132,
            "column": 12
          }
        },
        "type": "binary-expr",
        "locations": [
          {
            "start": {
              "line": 40,
              "column": 4
            },
            "end": {
              "line": 40,
              "column": 15
            }
          },
          {
            "start": {
              "line": 40,
              "column": 35
            },
            "end": {
              "line": 132,
              "column": 12
            }
          }
        ],
        "line": 40
      },
      "4": {
        "loc": {
          "start": {
            "line": 57,
            "column": 6
          },
          "end": {
            "line": 61,
            "column": 14
          }
        },
        "type": "binary-expr",
        "locations": [
          {
            "start": {
              "line": 57,
              "column": 6
            },
            "end": {
              "line": 57,
              "column": 11
            }
          },
          {
            "start": {
              "line": 57,
              "column": 31
            },
            "end": {
              "line": 61,
              "column": 14
            }
          }
        ],
        "line": 57
      },
      "5": {
        "loc": {
          "start": {
            "line": 62,
            "column": 6
          },
          "end": {
            "line": 118,
            "column": 14
          }
        },
        "type": "binary-expr",
        "locations": [
          {
            "start": {
              "line": 62,
              "column": 6
            },
            "end": {
              "line": 62,
              "column": 10
            }
          },
          {
            "start": {
              "line": 62,
              "column": 30
            },
            "end": {
              "line": 118,
              "column": 14
            }
          }
        ],
        "line": 62
      },
      "6": {
        "loc": {
          "start": {
            "line": 145,
            "column": 0
          },
          "end": {
            "line": 161,
            "column": 1
          }
        },
        "type": "if",
        "locations": [
          {
            "start": {
              "line": 145,
              "column": 0
            },
            "end": {
              "line": 161,
              "column": 1
            }
          },
          {
            "start": {},
            "end": {}
          }
        ],
        "line": 145
      },
      "7": {
        "loc": {
          "start": {
            "line": 154,
            "column": 6
          },
          "end": {
            "line": 155,
            "column": 15
          }
        },
        "type": "if",
        "locations": [
          {
            "start": {
              "line": 154,
              "column": 6
            },
            "end": {
              "line": 155,
              "column": 15
            }
          },
          {
            "start": {},
            "end": {}
          }
        ],
        "line": 154
      },
      "8": {
        "loc": {
          "start": {
            "line": 157,
            "column": 6
          },
          "end": {
            "line": 158,
            "column": 54
          }
        },
        "type": "if",
        "locations": [
          {
            "start": {
              "line": 157,
              "column": 6
            },
            "end": {
              "line": 158,
              "column": 54
            }
          },
          {
            "start": {},
            "end": {}
          }
        ],
        "line": 157
      }
    },
    "s": {
      "0": 4,
      "1": 4,
      "2": 0,
      "3": 4,
      "4": 4,
      "5": 4,
      "6": 4,
      "7": 4,
      "8": 4,
      "9": 4,
      "10": 0,
      "11": 0,
      "12": 0,
      "13": 0,
      "14": 0,
      "15": 0,
      "16": 0,
      "17": 4,
      "18": 0,
      "19": 4,
      "20": 4,
      "21": 4,
      "22": 4,
      "23": 4,
      "24": 4,
      "25": 1,
      "26": 1,
      "27": 0,
      "28": 0,
      "29": 0,
      "30": 0,
      "31": 0
    },
    "f": {
      "0": 4,
      "1": 0,
      "2": 0,
      "3": 0,
      "4": 0,
      "5": 0,
      "6": 1,
      "7": 0
    },
    "b": {
      "0": [
        4,
        0
      ],
      "1": [
        0,
        4
      ],
      "2": [
        0,
        0
      ],
      "3": [
        0,
        0
      ],
      "4": [
        0,
        0
      ],
      "5": [
        0,
        0
      ],
      "6": [
        4,
        0
      ],
      "7": [
        0,
        0
      ],
      "8": [
        0,
        0
      ]
    },
    "inputSourceMap": {
      "version": 3,
      "mappings": "AAmBI,mBACiB,cADjB;;;;;;;;;;;;;;;;AAnBJ,SAASA,iBAAiB;AAC1B,SAASC,cAAc;AACvB,SAASC,gBAAgB;AACzB,OAAO;AAOA,aAAMC,gBAAgBA,CAAC;AAAA,EAAEC;AAAAA,EAAQC;AAAmB,MAAM;AAAAC;AAC/D,QAAM,CAACC,SAAS;AAAA,IAAEC;AAAAA,IAAMC;AAAAA,IAAYC;AAAAA,EAAM,CAAC,IACzCR,SAASS,0BAA0B;AAErCX,YAAU,MAAM;AACdO,YAAQH,QAAQ,KAAK;AAAA,EACvB,GAAG,CAACA,QAAQG,OAAO,CAAC;AAEpB,SACE,mCACGE;AAAAA,kBAAc,uBAAC,YAAD;AAAA;AAAA;AAAA;AAAA,WAAO;AAAA,IACrB,CAACA,cACA,uBAAC,SAAI,WAAU,SAAQ,SAAS,MAAMJ,YAAY,GAChD,iCAAC,SAAI,WAAU,gBAAe,SAAUO,OAAMA,EAAEC,gBAAgB,GAC9D;AAAA,6BAAC,SAAI,WAAU,eACb;AAAA,+BAAC,QAAG,WAAU,cAAa,0BAA3B;AAAA;AAAA;AAAA;AAAA,eAAqC;AAAA,QACrC,uBAAC,YAAO,WAAU,aAAY,SAASR,aAAa,iBAApD;AAAA;AAAA;AAAA;AAAA,eAEA;AAAA,WAJF;AAAA;AAAA;AAAA;AAAA,aAKA;AAAA,MACCK,SAAS,uBAAC,QAAG,2CAAJ;AAAA;AAAA;AAAA;AAAA,aAA+B;AAAA,MACxCF,QACC,uBAAC,SAAI,WAAU,aACb;AAAA,+BAAC,SAAI,KAAKA,KAAKM,OAAO,KAAI,YAA1B;AAAA;AAAA;AAAA;AAAA,eAAkC;AAAA,QAClC,uBAAC,SAAI,WAAU,aACb;AAAA,iCAAC,SAAI;AAAA;AAAA,YAAYN,KAAKO;AAAAA,eAAtB;AAAA;AAAA;AAAA;AAAA,iBAA2B;AAAA,UAC3B,uBAAC,SAAI;AAAA;AAAA,YAAOP,KAAKQ;AAAAA,eAAjB;AAAA;AAAA;AAAA;AAAA,iBAAsB;AAAA,UACtB,uBAAC,SAAI;AAAA;AAAA,YAAgBR,KAAKS;AAAAA,eAA1B;AAAA;AAAA;AAAA;AAAA,iBAA+B;AAAA,UAC/B,uBAAC,SAAI;AAAA;AAAA,YAAST,KAAKU;AAAAA,eAAnB;AAAA;AAAA;AAAA;AAAA,iBAA0B;AAAA,UAC1B,uBAAC,SAAI;AAAA;AAAA,YAAaV,KAAKW;AAAAA,eAAvB;AAAA;AAAA;AAAA;AAAA,iBAAiC;AAAA,aALnC;AAAA;AAAA;AAAA;AAAA,eAMA;AAAA,WARF;AAAA;AAAA;AAAA;AAAA,aASA;AAAA,MAEF,uBAAC,SAAI,WAAU,iBAAf;AAAA;AAAA;AAAA;AAAA,aAA6B;AAAA,SApB/B;AAAA;AAAA;AAAA;AAAA,WAqBA,KAtBF;AAAA;AAAA;AAAA;AAAA,WAuBA;AAAA,OA1BJ;AAAA;AAAA;AAAA;AAAA,SA4BA;AAEJ;AAAEb,GAvCWH,eAAa;AAAA,UAEtBD,SAASS,yBAAyB;AAAA;AAAAS,KAFzBjB;AAAa;AAAAkB",
      "names": [
        "useEffect",
        "Loader",
        "cardsAPI",
        "CardInfoModal",
        "cardId",
        "handleClose",
        "_s",
        "trigger",
        "data",
        "isFetching",
        "error",
        "useLazyFetchCardInfoQuery",
        "e",
        "stopPropagation",
        "image",
        "name",
        "city",
        "date",
        "gender",
        "raceClass",
        "_c",
        "$RefreshReg$"
      ],
      "sources": [
        "D:/Test/ReactCourse/react-course-en/react-ts/src/components/CardsContainer/Card/CardInfoModal/CardInfoModal.tsx"
      ],
      "file": "D:/Test/ReactCourse/react-course-en/react-ts/src/components/CardsContainer/Card/CardInfoModal/CardInfoModal.tsx"
    },
    "_coverageSchema": "1a1c01bbd47fc00a2c39e90264f33305004495a9",
    "hash": "0aee3f29afe14058b01a61e062122e43607715fd"
  },
  "D:/Test/ReactCourse/react-course-en/react-ts/src/components/CardsContainer/Card/CardInfoModal/index.ts": {
    "path": "D:/Test/ReactCourse/react-course-en/react-ts/src/components/CardsContainer/Card/CardInfoModal/index.ts",
    "statementMap": {},
    "fnMap": {},
    "branchMap": {},
    "s": {},
    "f": {},
    "b": {},
    "inputSourceMap": {
      "version": 3,
      "sources": [
        "D:/Test/ReactCourse/react-course-en/react-ts/src/components/CardsContainer/Card/CardInfoModal/index.ts"
      ],
      "mappings": "AAAA,cAAc;",
      "names": []
    },
    "_coverageSchema": "1a1c01bbd47fc00a2c39e90264f33305004495a9",
    "hash": "78f29dea30531b359ce79655c0eeb0a850e36b0e"
  },
  "D:/Test/ReactCourse/react-course-en/react-ts/src/components/CardsContainer/Card/Card.tsx": {
    "path": "D:/Test/ReactCourse/react-course-en/react-ts/src/components/CardsContainer/Card/Card.tsx",
    "statementMap": {
      "0": {
        "start": {
          "line": 5,
          "column": 0
        },
        "end": {
          "line": 15,
          "column": 1
        }
      },
      "1": {
        "start": {
          "line": 6,
          "column": 2
        },
        "end": {
          "line": 8,
          "column": 3
        }
      },
      "2": {
        "start": {
          "line": 7,
          "column": 4
        },
        "end": {
          "line": 7,
          "column": 165
        }
      },
      "3": {
        "start": {
          "line": 9,
          "column": 2
        },
        "end": {
          "line": 9,
          "column": 39
        }
      },
      "4": {
        "start": {
          "line": 10,
          "column": 2
        },
        "end": {
[...]
        "name": "(anonymous_4)",
        "decl": {
          "start": {
            "line": 53,
            "column": 27
          },
          "end": {
            "line": 53,
            "column": 28
          }
        },
        "loc": {
          "start": {
            "line": 53,
            "column": 44
          },
          "end": {
            "line": 59,
            "column": 5
          }
        },
        "line": 53
      }
    },
    "branchMap": {
      "0": {
        "loc": {
          "start": {
            "line": 5,
            "column": 0
          },
          "end": {
            "line": 15,
            "column": 1
          }
        },
        "type": "if",
        "locations": [
          {
            "start": {
              "line": 5,
              "column": 0
            },
            "end": {
              "line": 15,
              "column": 1
            }
          },
          {
            "start": {},
            "end": {}
          }
        ],
        "line": 5
      },
      "1": {
        "loc": {
          "start": {
            "line": 6,
            "column": 2
          },
          "end": {
            "line": 8,
            "column": 3
          }
        },
        "type": "if",
        "locations": [
          {
            "start": {
              "line": 6,
              "column": 2
            },
            "end": {
              "line": 8,
              "column": 3
            }
          },
          {
            "start": {},
            "end": {}
          }
        ],
        "line": 6
      },
      "2": {
        "loc": {
          "start": {
            "line": 45,
            "column": 0
          },
          "end": {
            "line": 61,
            "column": 1
          }
        },
        "type": "if",
        "locations": [
          {
            "start": {
              "line": 45,
              "column": 0
            },
            "end": {
              "line": 61,
              "column": 1
            }
          },
          {
            "start": {},
            "end": {}
          }
        ],
        "line": 45
      },
      "3": {
        "loc": {
          "start": {
            "line": 54,
            "column": 6
          },
          "end": {
            "line": 55,
            "column": 15
          }
        },
        "type": "if",
        "locations": [
          {
            "start": {
              "line": 54,
              "column": 6
            },
            "end": {
              "line": 55,
              "column": 15
            }
          },
          {
            "start": {},
            "end": {}
          }
        ],
        "line": 54
      },
      "4": {
        "loc": {
          "start": {
            "line": 57,
            "column": 6
          },
          "end": {
            "line": 58,
            "column": 54
          }
        },
        "type": "if",
        "locations": [
          {
            "start": {
              "line": 57,
              "column": 6
            },
            "end": {
              "line": 58,
              "column": 54
            }
          },
          {
            "start": {},
            "end": {}
          }
        ],
        "line": 57
      }
    },
    "s": {
      "0": 4,
      "1": 4,
      "2": 0,
      "3": 4,
      "4": 4,
      "5": 4,
      "6": 4,
      "7": 4,
      "8": 4,
      "9": 4,
      "10": 20,
      "11": 4,
      "12": 4,
      "13": 4,
      "14": 4,
      "15": 4,
      "16": 4,
      "17": 1,
      "18": 1,
      "19": 0,
      "20": 0,
      "21": 0,
      "22": 0,
      "23": 0
    },
    "f": {
      "0": 4,
      "1": 4,
      "2": 20,
      "3": 1,
      "4": 0
    },
    "b": {
      "0": [
        4,
        0
      ],
      "1": [
        0,
        4
      ],
      "2": [
        4,
        0
      ],
      "3": [
        0,
        0
      ],
      "4": [
        0,
        0
      ]
    },
    "inputSourceMap": {
      "version": 3,
      "mappings": "AAQM;AARN,2BAAuB;AAAoB;AAAA;AAAA;AAAA;AAAA;AAAA;AAAA;AAAA;AAAA;AAAA;AAAA;AAAA;AAAA;AAAA;AAC3C,SAASA,OAAOC,cAAc;AAC9B,SAASC,oBAAoB;AAC7B,OAAO;AAEA,aAAMC,aAAaA,MAAM;AAC9B,SACE,uBAAC,SAAI,WAAU,uBACb;AAAA,2BAAC,YAAD;AAAA;AAAA;AAAA;AAAA,WAAO;AAAA,IACP,uBAAC,UACED,uBAAaE,IAAKC,UACjB,uBAAC,SAAuB,MAAMA,KAAKC,MAAM,SAASD,KAAKE,aAA3CF,KAAKG,OAAjB;AAAA;AAAA;AAAA;AAAA,WAAiE,CAClE,KAHH;AAAA;AAAA;AAAA;AAAA,WAIA;AAAA,OANF;AAAA;AAAA;AAAA;AAAA,SAOA;AAEJ;AAAEC,KAXWN;AAAU;AAAAO",
      "names": [
        "Route",
        "Routes",
        "ROUTES_ITEMS",
        "CommonPage",
        "map",
        "item",
        "path",
        "component",
        "title",
        "_c",
        "$RefreshReg$"
      ],
      "sources": [
        "D:/Test/ReactCourse/react-course-en/react-ts/src/pages/CommonPage/CommonPage.tsx"
      ],
      "file": "D:/Test/ReactCourse/react-course-en/react-ts/src/pages/CommonPage/CommonPage.tsx"
    },
    "_coverageSchema": "1a1c01bbd47fc00a2c39e90264f33305004495a9",
    "hash": "cdf39a9e7df3d7b02651a2eda82c30a9d0716fa2"
  },
  "D:/Test/ReactCourse/react-course-en/react-ts/src/pages/CommonPage/index.ts": {
    "path": "D:/Test/ReactCourse/react-course-en/react-ts/src/pages/CommonPage/index.ts",
    "statementMap": {},
    "fnMap": {},
    "branchMap": {},
    "s": {},
    "f": {},
    "b": {},
    "inputSourceMap": {
      "version": 3,
      "sources": [
        "D:/Test/ReactCourse/react-course-en/react-ts/src/pages/CommonPage/index.ts"
      ],
      "mappings": "AAAA,cAAc;",
      "names": []
    },
    "_coverageSchema": "1a1c01bbd47fc00a2c39e90264f33305004495a9",
    "hash": "4c555482f9f77f1f45f6687b1f8053a1e3500894"
  },
  "D:/Test/ReactCourse/react-course-en/react-ts/src/App.tsx": {
    "path": "D:/Test/ReactCourse/react-course-en/react-ts/src/App.tsx",
    "statementMap": {
      "0": {
        "start": {
          "line": 5,
          "column": 0
        },
        "end": {
          "line": 15,
          "column": 1
        }
      },
      "1": {
        "start": {
          "line": 6,
          "column": 2
        },
        "end": {
          "line": 8,
          "column": 3
        }
      },
      "2": {
        "start": {
          "line": 7,
          "column": 4
        },
        "end": {
          "line": 7,
          "column": 165
        }
      },
      "3": {
        "start": {
          "line": 9,
          "column": 2
        },
        "end": {
          "line": 9,
          "column": 39
        }
      },
      "4": {
        "start": {
          "line": 10,
          "column": 2
        },
        "end": {
          "line": 10,
          "column": 39
        }
      },
      "5": {
        "start": {
          "line": 11,
          "column": 2
        },
        "end": {
          "line": 13,
          "column": 4
        }
      },
      "6": {
        "start": {
          "line": 12,
          "column": 4
        },
        "end": {
          "line": 12,
          "column": 100
        }
      },
      "7": {
        "start": {
          "line": 14,
          "column": 2
        },
        "end": {
          "line": 14,
          "column": 75
        }
      },
      "8": {
        "start": {
          "line": 17,
          "column": 12
        },
        "end": {
          "line": 23,
          "column": 1
        }
      },
      "9": {
        "start": {
          "line": 18,
          "column": 2
        },
        "end": {
          "line": 22,
          "column": 11
        }
      },
      "10": {
        "start": {
          "line": 24,
          "column": 0
        },
        "end": {
          "line": 24,
          "column": 9
        }
      },
      "11": {
        "start": {
          "line": 27,
          "column": 0
        },
        "end": {
          "line": 27,
          "column": 24
        }
      },
      "12": {
        "start": {
          "line": 28,
          "column": 0
        },
        "end": {
          "line": 44,
          "column": 1
        }
      },
      "13": {
        "start": {
          "line": 29,
          "column": 2
        },
        "end": {
          "line": 29,
          "column": 39
        }
      },
      "14": {
        "start": {
          "line": 30,
          "column": 2
        },
        "end": {
          "line": 30,
          "column": 39
        }
      },
      "15": {
        "start": {
          "line": 31,
          "column": 2
        },
        "end": {
          "line": 43,
          "column": 5
        }
      },
      "16": {
        "start": {
          "line": 35,
          "column": 4
        },
        "end": {
          "line": 35,
          "column": 126
        }
      },
      "17": {
        "start": {
          "line": 36,
          "column": 4
        },
        "end": {
          "line": 42,
          "column": 7
        }
      },
      "18": {
        "start": {
          "line": 37,
          "column": 6
        },
        "end": {
          "line": 38,
          "column": 15
        }
      },
      "19": {
        "start": {
          "line": 38,
          "column": 8
        },
        "end": {
          "line": 38,
          "column": 15
        }
      },
      "20": {
        "start": {
          "line": 39,
          "column": 32
        },
        "end": {
          "line": 39,
          "column": 115
        }
      },
      "21": {
        "start": {
          "line": 40,
          "column": 6
        },
        "end": {
          "line": 41,
          "column": 54
        }
      },
      "22": {
        "start": {
          "line": 41,
          "column": 8
        },
        "end": {
          "line": 41,
          "column": 54
        }
      }
    },
    "fnMap": {
      "0": {
        "name": "(anonymous_0)",
        "decl": {
          "start": {
            "line": 11,
            "column": 24
          },
          "end": {
            "line": 11,
            "column": 25
          }
        },
        "loc": {
          "start": {
            "line": 11,
            "column": 38
          },
          "end": {
            "line": 13,
            "column": 3
          }
        },
        "line": 11
      },
      "1": {
        "name": "(anonymous_1)",
        "decl": {
          "start": {
            "line": 17,
            "column": 12
          },
          "end": {
            "line": 17,
            "column": 13
          }
        },
        "loc": {
          "start": {
            "line": 17,
            "column": 18
          },
          "end": {
            "line": 23,
            "column": 1
          }
        },
        "line": 17
      },
      "2": {
        "name": "(anonymous_2)",
        "decl": {
          "start": {
            "line": 34,
            "column": 9
          },
          "end": {
            "line": 34,
            "column": 10
          }
        },
        "loc": {
          "start": {
            "line": 34,
            "column": 29
          },
          "end": {
            "line": 43,
            "column": 3
          }
        },
        "line": 34
      },
      "3": {
        "name": "(anonymous_3)",
        "decl": {
          "start": {
            "line": 36,
            "column": 27
          },
          "end": {
            "line": 36,
            "column": 28
          }
        },
        "loc": {
          "start": {
            "line": 36,
            "column": 44
          },
          "end": {
            "line": 42,
            "column": 5
          }
        },
        "line": 36
      }
    },
    "branchMap": {
      "0": {
        "loc": {
          "start": {
            "line": 5,
            "column": 0
          },
          "end": {
            "line": 15,
            "column": 1
          }
        },
        "type": "if",
        "locations": [
          {
            "start": {
              "line": 5,
              "column": 0
            },
            "end": {
              "line": 15,
              "column": 1
            }
          },
          {
            "start": {},
            "end": {}
          }
        ],
        "line": 5
      },
      "1": {
        "loc": {
          "start": {
            "line": 6,
            "column": 2
          },
          "end": {
            "line": 8,
            "column": 3
          }
        },
        "type": "if",
        "locations": [
          {
            "start": {
              "line": 6,
              "column": 2
            },
            "end": {
              "line": 8,
              "column": 3
            }
          },
          {
            "start": {},
            "end": {}
          }
        ],
        "line": 6
      },
      "2": {
        "loc": {
          "start": {
            "line": 28,
            "column": 0
          },
          "end": {
            "line": 44,
            "column": 1
          }
        },
        "type": "if",
        "locations": [
          {
            "start": {
              "line": 28,
              "column": 0
            },
            "end": {
              "line": 44,
              "column": 1
            }
          },
          {
            "start": {},
            "end": {}
          }
        ],
        "line": 28
      },
      "3": {
        "loc": {
          "start": {
            "line": 37,
            "column": 6
          },
          "end": {
            "line": 38,
            "column": 15
          }
        },
        "type": "if",
        "locations": [
          {
            "start": {
              "line": 37,
              "column": 6
            },
            "end": {
              "line": 38,
              "column": 15
            }
          },
          {
            "start": {},
            "end": {}
          }
        ],
        "line": 37
      },
      "4": {
        "loc": {
          "start": {
            "line": 40,
            "column": 6
          },
          "end": {
            "line": 41,
            "column": 54
          }
        },
        "type": "if",
        "locations": [
          {
            "start": {
              "line": 40,
              "column": 6
            },
            "end": {
              "line": 41,
              "column": 54
            }
          },
          {
            "start": {},
            "end": {}
          }
        ],
        "line": 40
      }
    },
    "s": {
      "0": 4,
      "1": 4,
      "2": 0,
      "3": 4,
      "4": 4,
      "5": 4,
      "6": 4,
      "7": 4,
      "8": 4,
      "9": 4,
      "10": 4,
      "11": 4,
      "12": 4,
      "13": 4,
      "14": 4,
      "15": 4,
      "16": 1,
      "17": 1,
      "18": 0,
      "19": 0,
      "20": 0,
      "21": 0,
      "22": 0
    },
    "f": {
      "0": 4,
      "1": 4,
      "2": 1,
      "3": 0
    },
    "b": {
      "0": [
        4,
        0
      ],
      "1": [
        0,
        4
      ],
      "2": [
        4,
        0
      ],
      "3": [
        0,
        0
      ],
      "4": [
        0,
        0
      ]
    },
    "inputSourceMap": {
      "version": 3,
      "mappings": "AAGS;AAHT,2BAA2B;AAAA,IAAmB;AAAA;AAAA;AAAA;AAAA;AAAA;AAAA;AAAA;AAAA;AAAA;AAAA;AAAA;AAAA;AAAA;AAE9C,MAAMA,MAAMA,MAAM;AAChB,SAAO,uBAAC,gBAAD;AAAA;AAAA;AAAA;AAAA,SAAW;AACpB;AAAEC,KAFID;AAIN,eAAeA;AAAI;AAAAE",
      "names": [
        "App",
        "_c",
        "$RefreshReg$"
      ],
      "sources": [
        "D:/Test/ReactCourse/react-course-en/react-ts/src/App.tsx"
      ],
      "file": "D:/Test/ReactCourse/react-course-en/react-ts/src/App.tsx"
    },
    "_coverageSchema": "1a1c01bbd47fc00a2c39e90264f33305004495a9",
    "hash": "0ef5cbe4a737cc032ece2bbf1046d21065ca8cad"
  },
  "D:/Test/ReactCourse/react-course-en/react-ts/src/store/store.ts": {
    "path": "D:/Test/ReactCourse/react-course-en/react-ts/src/store/store.ts",
    "statementMap": {
      "0": {
        "start": {
          "line": 5,
          "column": 20
        },
        "end": {
          "line": 9,
          "column": 2
        }
      },
      "1": {
        "start": {
          "line": 10,
          "column": 26
        },
        "end": {
          "line": 16,
          "column": 1
        }
      },
      "2": {
        "start": {
          "line": 11,
          "column": 2
        },
        "end": {
          "line": 15,
          "column": 5
        }
      },
      "3": {
        "start": {
          "line": 14,
          "column": 42
        },
        "end": {
          "line": 14,
          "column": 92
        }
      }
    },
    "fnMap": {
      "0": {
        "name": "(anonymous_0)",
        "decl": {
          "start": {
            "line": 10,
            "column": 26
          },
          "end": {
            "line": 10,
            "column": 27
          }
        },
        "loc": {
          "start": {
            "line": 10,
            "column": 46
          },
          "end": {
            "line": 16,
            "column": 1
          }
        },
        "line": 10
      },
      "1": {
        "name": "(anonymous_1)",
        "decl": {
          "start": {
            "line": 14,
            "column": 16
          },
          "end": {
            "line": 14,
            "column": 17
          }
        },
        "loc": {
          "start": {
            "line": 14,
            "column": 42
          },
          "end": {
            "line": 14,
            "column": 92
          }
        },
        "line": 14
      }
    },
    "branchMap": {},
    "s": {
      "0": 4,
      "1": 4,
      "2": 4,
      "3": 4
    },
    "f": {
      "0": 4,
      "1": 4
    },
    "b": {},
    "inputSourceMap": {
      "version": 3,
      "sources": [
        "D:/Test/ReactCourse/react-course-en/react-ts/src/store/store.ts"
      ],
      "mappings": "AAAA,SAAS,iBAAiB,sBAAsB;AAChD,OAAO,uBAAuB;AAC9B,OAAO,sBAAsB;AAC7B,SAAS,gBAAgB;AAEzB,MAAM,cAAc,gBAAgB;AAAA,EAClC;AAAA,EACA;AAAA,EACA,CAAC,SAAS,WAAW,GAAG,SAAS;AACnC,CAAC;AAEM,aAAM,aAAa,CAAC,mBAAwC;AACjE,SAAO,eAAe;AAAA,IACpB,SAAS;AAAA,IACT;AAAA,IACA,YAAY,CAAC,yBACX,qBAAqB,EAAE,OAAO,SAAS,UAAU;AAAA,EACrD,CAAC;AACH;",
      "names": []
    },
    "_coverageSchema": "1a1c01bbd47fc00a2c39e90264f33305004495a9",
    "hash": "33b6778f1c74e8fc6347427e19c0b27e215ee81a"
  },
  "D:/Test/ReactCourse/react-course-en/react-ts/src/entry-client.tsx": {
    "path": "D:/Test/ReactCourse/react-course-en/react-ts/src/entry-client.tsx",
    "statementMap": {
      "0": {
        "start": {
          "line": 7,
          "column": 14
        },
        "end": {
          "line": 7,
          "column": 52
        }
      },
      "1": {
        "start": {
          "line": 8,
          "column": 0
        },
        "end": {
          "line": 8,
          "column": 34
        }
      },
      "2": {
        "start": {
          "line": 9,
          "column": 0
        },
        "end": {
          "line": 21,
          "column": 10
        }
      }
    },
    "fnMap": {},
    "branchMap": {},
    "s": {
      "0": 4,
      "1": 4,
      "2": 4
    },
    "f": {},
    "b": {},
    "inputSourceMap": {
      "version": 3,
      "mappings": "AAmBM;AAnBN,SAASA,mBAAmB;AAC5B,SAASC,qBAAqB;AAC9B,SAASC,gBAAgB;AACzB,OAAOC,SAAS;AAChB,SAAoBC,kBAAkB;AAOtC,MAAMC,QAAQD,WAAYE,OAA8BC,mBAAmB;AAE3E,OAAQD,OAA8BC;AAEtCP,YACEQ,SAASC,eAAe,MAAM,GAC9B,uBAAC,YAAS,OACR,iCAAC,iBACC,iCAAC,SAAD;AAAA;AAAA;AAAA;AAAA,OAAI,KADN;AAAA;AAAA;AAAA;AAAA,OAEA,KAHF;AAAA;AAAA;AAAA;AAAA,OAIA,CACF",
      "names": [
        "hydrateRoot",
        "BrowserRouter",
        "Provider",
        "App",
        "setupStore",
        "store",
        "window",
        "__PRELOADED_STATE__",
        "document",
        "getElementById"
      ],
      "sources": [
        "D:/Test/ReactCourse/react-course-en/react-ts/src/entry-client.tsx"
      ],
      "file": "D:/Test/ReactCourse/react-course-en/react-ts/src/entry-client.tsx"
    },
    "_coverageSchema": "1a1c01bbd47fc00a2c39e90264f33305004495a9",
    "hash": "0e24f95da17604ff52f31b35998aff11957c060c"
  }
}